[2025-07-04 22:33:40] [INFO] Система: Приветствие: Привет! Я Sendi, ваш голосовой помощник. Готов к работе!
[2025-07-04 22:33:55] [INFO] Система: Голосовой помощник запущен
[2025-07-04 22:34:21] [INFO] Система: Голосовой помощник остановлен
[2025-07-04 22:34:24] [INFO] Система: Голосовой помощник запущен
[2025-07-04 22:34:53] [INFO] Система: Логи экспортированы в sendi_logs_20250704_223453.txt
[2025-07-04 22:36:27] [INFO] Система: Приветствие: Привет! Я Sendi, ваш голосовой помощник. Готов к работе!
[2025-07-04 22:36:42] [INFO] Система: Голосовой помощник запущен
[2025-07-04 22:36:46] [INFO] Микрофон: Вы сказали: ты меня слышишь
[2025-07-04 22:36:54] [INFO] Микрофон: Вы сказали: открой браузер
[2025-07-04 22:37:03] [INFO] Микрофон: Вы сказали: система
[2025-07-04 22:37:13] [INFO] Система: Голосовой помощник остановлен
[2025-07-04 22:37:44] [INFO] Система: Приветствие: Привет! Я Sendi, ваш голосовой помощник. Готов к работе!
[2025-07-04 22:37:55] [INFO] Система: Голосовой помощник запущен
[2025-07-04 22:38:01] [INFO] Микрофон: Вы сказали: как дела
[2025-07-04 22:38:01] [INFO] Пользователь: Команда: как дела
[2025-07-04 22:38:01] [INFO] Система: Ответ: Команда не распознана. Попробуйте еще раз.
[2025-07-04 22:38:10] [INFO] Микрофон: Вы сказали: открой браузер
[2025-07-04 22:38:10] [INFO] Пользователь: Команда: открой браузер
[2025-07-04 22:38:11] [INFO] Система: Выполнено: Браузер открыт
[2025-07-04 22:38:16] [INFO] Микрофон: Вы сказали: система
[2025-07-04 22:38:16] [INFO] Пользователь: Команда: система
[2025-07-04 22:38:16] [INFO] Система: Выполнено: ОС: Windows, Процессор: Intel64 Family 6 Model 158 Stepping 10, GenuineIntel
[2025-07-04 22:38:34] [INFO] Микрофон: Вы сказали: время
[2025-07-04 22:38:34] [INFO] Пользователь: Команда: время
[2025-07-04 22:38:34] [INFO] Система: Выполнено: Текущее время: 22:38:34
[2025-07-04 22:38:45] [INFO] Система: Голосовой помощник остановлен
