[2025-07-04 23:22:38] [INFO] Система: Приветствие: Привет! Я Sendi, ваш голосовой помощник. Готов к работе!
[2025-07-04 23:23:19] [INFO] Система: Голосовой помощник запущен
[2025-07-04 23:23:23] [INFO] Микрофон: Вы сказали: открой браузер
[2025-07-04 23:23:23] [INFO] Пользователь: Команда: открой браузер
[2025-07-04 23:23:24] [INFO] Система: Выполнено: Браузер открыт
[2025-07-04 23:23:29] [INFO] Система: Голосовой помощник остановлен
[2025-07-04 23:26:13] [INFO] Система: Приветствие: Привет! Я Sendi, ваш голосовой помощник. Готов к работе!
[2025-07-04 23:26:20] [INFO] Система: Голосовой помощник запущен
[2025-07-04 23:26:24] [INFO] Микрофон: Вы сказали: время
[2025-07-04 23:26:24] [INFO] Пользователь: Команда: время
[2025-07-04 23:26:24] [INFO] Система: Выполнено: Текущее время: 23:26:24
[2025-07-04 23:26:30] [INFO] Система: Голосовой помощник остановлен
[2025-07-04 23:29:52] [INFO] Система: Приветствие: Привет! Я Sendi, ваш голосовой помощник. Готов к работе!
[2025-07-04 23:29:56] [INFO] Система: Голосовой помощник запущен
[2025-07-04 23:30:03] [INFO] Микрофон: Вы сказали: telegram
[2025-07-04 23:30:03] [INFO] Пользователь: Команда: telegram
[2025-07-04 23:30:04] [INFO] Система: Выполнено: Telegram Web открыт в браузере
[2025-07-04 23:30:46] [INFO] Система: Голосовой помощник остановлен
[2025-07-04 23:30:47] [INFO] Система: Голосовой помощник запущен
[2025-07-04 23:31:24] [INFO] Система: Приветствие: Привет! Я Sendi, ваш голосовой помощник. Готов к работе!
[2025-07-04 23:31:26] [INFO] Система: Голосовой помощник запущен
[2025-07-04 23:31:34] [INFO] Микрофон: Вы сказали: проверь почту
[2025-07-04 23:31:34] [INFO] Пользователь: Команда: проверь почту
[2025-07-04 23:31:34] [INFO] Система: Выполнено: Почта Mail.ru открыта
[2025-07-04 23:31:41] [INFO] Микрофон: Вы сказали: включи vpn
[2025-07-04 23:31:41] [INFO] Пользователь: Команда: включи vpn
[2025-07-04 23:31:41] [INFO] Система: Выполнено: Psiphon VPN запущен
[2025-07-04 23:31:50] [INFO] Микрофон: Вы сказали: включи музыку
[2025-07-04 23:31:50] [INFO] Пользователь: Команда: включи музыку
[2025-07-04 23:31:50] [INFO] Система: Выполнено: Открыто: OperaGX в браузере и Spotify в браузере
[2025-07-04 23:31:59] [INFO] Система: Голосовой помощник остановлен
